<?xml version="1.0" encoding="UTF-8"?>
<!-- Generated by org.testng.reporters.JUnitReportReporter -->
<testsuite hostname="DESKTOP-C28O1GT" failures="0" tests="1" name="com.Target_Paractice.Validation_Techniques" time="10.083" errors="0" timestamp="15 Nov 2023 18:32:38 GMT" skipped="0">
  <testcase classname="com.Target_Paractice.Validation_Techniques" name="use_Wrong_Password" time="10.083"/>
</testsuite> <!-- com.Target_Paractice.Validation_Techniques -->
