<?xml version="1.0" encoding="UTF-8"?>
<!-- Generated by org.testng.reporters.JUnitReportReporter -->
<testsuite hostname="DESKTOP-C28O1GT" failures="0" tests="1" name="com.Target_Paractice.Swag_Labs" time="4.152" errors="0" timestamp="21 Nov 2023 06:51:34 GMT" skipped="0">
  <testcase classname="com.Target_Paractice.Swag_Labs" name="veriyLoginWithValidCredintial" time="4.152"/>
</testsuite> <!-- com.Target_Paractice.Swag_Labs -->
